[     303ms] [ERROR] Failed to find a valid digest in the 'integrity' attribute for resource 'https://cdn.jsdelivr.net/npm/leaflet@1.9.4/dist/leaflet.min.css' with computed SHA-256 integrity 'QZFpF9DkpabUBLoCc7fQJVCmtag/LaVAfAkUJSfuNyY='. The resource has been blocked. @ http://localhost:8080/wineries/:0
[     963ms] [ERROR] Failed to load resource: net::ERR_CONNECTION_RESET @ https://badge.dimensions.ai/badge.js:0
[    1247ms] [ERROR] Failed to load resource: the server responded with a status of 404 (Not Found) @ http://localhost:8080/favicon.ico:0
[   16445ms] [ERROR] Failed to find a valid digest in the 'integrity' attribute for resource 'https://cdn.jsdelivr.net/npm/leaflet@1.9.4/dist/leaflet.min.css?livereload=1773708932356' with computed SHA-256 integrity 'QZFpF9DkpabUBLoCc7fQJVCmtag/LaVAfAkUJSfuNyY='. The resource has been blocked. @ http://localhost:8080/wineries/:0
[   16504ms] [ERROR] Failed to find a valid digest in the 'integrity' attribute for resource 'https://cdn.jsdelivr.net/npm/leaflet@1.9.4/dist/leaflet.min.css?livereload=1773708932362' with computed SHA-256 integrity 'QZFpF9DkpabUBLoCc7fQJVCmtag/LaVAfAkUJSfuNyY='. The resource has been blocked. @ http://localhost:8080/wineries/:0
[   16753ms] [ERROR] Failed to find a valid digest in the 'integrity' attribute for resource 'https://cdn.jsdelivr.net/npm/leaflet@1.9.4/dist/leaflet.min.css?livereload=1773708932365' with computed SHA-256 integrity 'QZFpF9DkpabUBLoCc7fQJVCmtag/LaVAfAkUJSfuNyY='. The resource has been blocked. @ http://localhost:8080/wineries/:0
[   16761ms] [ERROR] Failed to find a valid digest in the 'integrity' attribute for resource 'https://cdn.jsdelivr.net/npm/leaflet@1.9.4/dist/leaflet.min.css?livereload=1773708932369' with computed SHA-256 integrity 'QZFpF9DkpabUBLoCc7fQJVCmtag/LaVAfAkUJSfuNyY='. The resource has been blocked. @ http://localhost:8080/wineries/:0
[   16788ms] [ERROR] Failed to find a valid digest in the 'integrity' attribute for resource 'https://cdn.jsdelivr.net/npm/leaflet@1.9.4/dist/leaflet.min.css?livereload=1773708932375' with computed SHA-256 integrity 'QZFpF9DkpabUBLoCc7fQJVCmtag/LaVAfAkUJSfuNyY='. The resource has been blocked. @ http://localhost:8080/wineries/:0
[   16920ms] [ERROR] Failed to find a valid digest in the 'integrity' attribute for resource 'https://cdn.jsdelivr.net/npm/leaflet@1.9.4/dist/leaflet.min.css' with computed SHA-256 integrity 'QZFpF9DkpabUBLoCc7fQJVCmtag/LaVAfAkUJSfuNyY='. The resource has been blocked. @ http://localhost:8080/wineries/:85
[   17151ms] [ERROR] Failed to load resource: net::ERR_CONNECTION_RESET @ https://badge.dimensions.ai/badge.js:0
[   33253ms] [ERROR] Failed to find a valid digest in the 'integrity' attribute for resource 'https://cdn.jsdelivr.net/npm/leaflet@1.9.4/dist/leaflet.min.css?livereload=1773708949127' with computed SHA-256 integrity 'QZFpF9DkpabUBLoCc7fQJVCmtag/LaVAfAkUJSfuNyY='. The resource has been blocked. @ http://localhost:8080/wineries/:0
[   33421ms] [ERROR] Failed to find a valid digest in the 'integrity' attribute for resource 'https://cdn.jsdelivr.net/npm/leaflet@1.9.4/dist/leaflet.min.css?livereload=1773708949136' with computed SHA-256 integrity 'QZFpF9DkpabUBLoCc7fQJVCmtag/LaVAfAkUJSfuNyY='. The resource has been blocked. @ http://localhost:8080/wineries/:0
[   33453ms] [ERROR] Failed to find a valid digest in the 'integrity' attribute for resource 'https://cdn.jsdelivr.net/npm/leaflet@1.9.4/dist/leaflet.min.css?livereload=1773708949140' with computed SHA-256 integrity 'QZFpF9DkpabUBLoCc7fQJVCmtag/LaVAfAkUJSfuNyY='. The resource has been blocked. @ http://localhost:8080/wineries/:0
[   33474ms] [ERROR] Failed to find a valid digest in the 'integrity' attribute for resource 'https://cdn.jsdelivr.net/npm/leaflet@1.9.4/dist/leaflet.min.css?livereload=1773708949145' with computed SHA-256 integrity 'QZFpF9DkpabUBLoCc7fQJVCmtag/LaVAfAkUJSfuNyY='. The resource has been blocked. @ http://localhost:8080/wineries/:0
[   33527ms] [ERROR] Failed to find a valid digest in the 'integrity' attribute for resource 'https://cdn.jsdelivr.net/npm/leaflet@1.9.4/dist/leaflet.min.css?livereload=1773708949154' with computed SHA-256 integrity 'QZFpF9DkpabUBLoCc7fQJVCmtag/LaVAfAkUJSfuNyY='. The resource has been blocked. @ http://localhost:8080/wineries/:0
[   33767ms] [ERROR] Failed to find a valid digest in the 'integrity' attribute for resource 'https://cdn.jsdelivr.net/npm/leaflet@1.9.4/dist/leaflet.min.css' with computed SHA-256 integrity 'QZFpF9DkpabUBLoCc7fQJVCmtag/LaVAfAkUJSfuNyY='. The resource has been blocked. @ http://localhost:8080/wineries/:85
[   33993ms] [ERROR] Failed to load resource: net::ERR_CONNECTION_RESET @ https://badge.dimensions.ai/badge.js:0
[   50297ms] [ERROR] Failed to find a valid digest in the 'integrity' attribute for resource 'https://cdn.jsdelivr.net/npm/leaflet@1.9.4/dist/leaflet.min.css?livereload=1773708966190' with computed SHA-256 integrity 'QZFpF9DkpabUBLoCc7fQJVCmtag/LaVAfAkUJSfuNyY='. The resource has been blocked. @ http://localhost:8080/wineries/:0
[   50306ms] [ERROR] Failed to find a valid digest in the 'integrity' attribute for resource 'https://cdn.jsdelivr.net/npm/leaflet@1.9.4/dist/leaflet.min.css?livereload=1773708966195' with computed SHA-256 integrity 'QZFpF9DkpabUBLoCc7fQJVCmtag/LaVAfAkUJSfuNyY='. The resource has been blocked. @ http://localhost:8080/wineries/:0
[   50494ms] [ERROR] Failed to find a valid digest in the 'integrity' attribute for resource 'https://cdn.jsdelivr.net/npm/leaflet@1.9.4/dist/leaflet.min.css?livereload=1773708966198' with computed SHA-256 integrity 'QZFpF9DkpabUBLoCc7fQJVCmtag/LaVAfAkUJSfuNyY='. The resource has been blocked. @ http://localhost:8080/wineries/:0
[   50517ms] [ERROR] Failed to find a valid digest in the 'integrity' attribute for resource 'https://cdn.jsdelivr.net/npm/leaflet@1.9.4/dist/leaflet.min.css?livereload=1773708966201' with computed SHA-256 integrity 'QZFpF9DkpabUBLoCc7fQJVCmtag/LaVAfAkUJSfuNyY='. The resource has been blocked. @ http://localhost:8080/wineries/:0
[   50549ms] [ERROR] Failed to find a valid digest in the 'integrity' attribute for resource 'https://cdn.jsdelivr.net/npm/leaflet@1.9.4/dist/leaflet.min.css?livereload=1773708966206' with computed SHA-256 integrity 'QZFpF9DkpabUBLoCc7fQJVCmtag/LaVAfAkUJSfuNyY='. The resource has been blocked. @ http://localhost:8080/wineries/:0
[   50830ms] [ERROR] Failed to find a valid digest in the 'integrity' attribute for resource 'https://cdn.jsdelivr.net/npm/leaflet@1.9.4/dist/leaflet.min.css' with computed SHA-256 integrity 'QZFpF9DkpabUBLoCc7fQJVCmtag/LaVAfAkUJSfuNyY='. The resource has been blocked. @ http://localhost:8080/wineries/:85
[   51052ms] [ERROR] Failed to load resource: net::ERR_CONNECTION_RESET @ https://badge.dimensions.ai/badge.js:0
[   69011ms] [ERROR] Failed to find a valid digest in the 'integrity' attribute for resource 'https://cdn.jsdelivr.net/npm/leaflet@1.9.4/dist/leaflet.min.css?livereload=1773708984822' with computed SHA-256 integrity 'QZFpF9DkpabUBLoCc7fQJVCmtag/LaVAfAkUJSfuNyY='. The resource has been blocked. @ http://localhost:8080/wineries/:0
[   69012ms] [ERROR] Failed to find a valid digest in the 'integrity' attribute for resource 'https://cdn.jsdelivr.net/npm/leaflet@1.9.4/dist/leaflet.min.css?livereload=1773708984831' with computed SHA-256 integrity 'QZFpF9DkpabUBLoCc7fQJVCmtag/LaVAfAkUJSfuNyY='. The resource has been blocked. @ http://localhost:8080/wineries/:0
[   69063ms] [ERROR] Failed to find a valid digest in the 'integrity' attribute for resource 'https://cdn.jsdelivr.net/npm/leaflet@1.9.4/dist/leaflet.min.css?livereload=1773708984834' with computed SHA-256 integrity 'QZFpF9DkpabUBLoCc7fQJVCmtag/LaVAfAkUJSfuNyY='. The resource has been blocked. @ http://localhost:8080/wineries/:0
[   69096ms] [ERROR] Failed to find a valid digest in the 'integrity' attribute for resource 'https://cdn.jsdelivr.net/npm/leaflet@1.9.4/dist/leaflet.min.css?livereload=1773708984838' with computed SHA-256 integrity 'QZFpF9DkpabUBLoCc7fQJVCmtag/LaVAfAkUJSfuNyY='. The resource has been blocked. @ http://localhost:8080/wineries/:0
[   69135ms] [ERROR] Failed to find a valid digest in the 'integrity' attribute for resource 'https://cdn.jsdelivr.net/npm/leaflet@1.9.4/dist/leaflet.min.css?livereload=1773708984843' with computed SHA-256 integrity 'QZFpF9DkpabUBLoCc7fQJVCmtag/LaVAfAkUJSfuNyY='. The resource has been blocked. @ http://localhost:8080/wineries/:0
[   69355ms] [ERROR] Failed to find a valid digest in the 'integrity' attribute for resource 'https://cdn.jsdelivr.net/npm/leaflet@1.9.4/dist/leaflet.min.css' with computed SHA-256 integrity 'QZFpF9DkpabUBLoCc7fQJVCmtag/LaVAfAkUJSfuNyY='. The resource has been blocked. @ http://localhost:8080/wineries/:85
[   69726ms] [ERROR] Failed to load resource: net::ERR_CONNECTION_RESET @ https://badge.dimensions.ai/badge.js:0
[   89215ms] [ERROR] Failed to find a valid digest in the 'integrity' attribute for resource 'https://cdn.jsdelivr.net/npm/leaflet@1.9.4/dist/leaflet.min.css?livereload=1773709005131' with computed SHA-256 integrity 'QZFpF9DkpabUBLoCc7fQJVCmtag/LaVAfAkUJSfuNyY='. The resource has been blocked. @ http://localhost:8080/wineries/:0
[   89229ms] [ERROR] Failed to find a valid digest in the 'integrity' attribute for resource 'https://cdn.jsdelivr.net/npm/leaflet@1.9.4/dist/leaflet.min.css?livereload=1773709005138' with computed SHA-256 integrity 'QZFpF9DkpabUBLoCc7fQJVCmtag/LaVAfAkUJSfuNyY='. The resource has been blocked. @ http://localhost:8080/wineries/:0
[   89314ms] [ERROR] Failed to find a valid digest in the 'integrity' attribute for resource 'https://cdn.jsdelivr.net/npm/leaflet@1.9.4/dist/leaflet.min.css?livereload=1773709005142' with computed SHA-256 integrity 'QZFpF9DkpabUBLoCc7fQJVCmtag/LaVAfAkUJSfuNyY='. The resource has been blocked. @ http://localhost:8080/wineries/:0
[   89329ms] [ERROR] Failed to find a valid digest in the 'integrity' attribute for resource 'https://cdn.jsdelivr.net/npm/leaflet@1.9.4/dist/leaflet.min.css?livereload=1773709005146' with computed SHA-256 integrity 'QZFpF9DkpabUBLoCc7fQJVCmtag/LaVAfAkUJSfuNyY='. The resource has been blocked. @ http://localhost:8080/wineries/:0
[   89363ms] [ERROR] Failed to find a valid digest in the 'integrity' attribute for resource 'https://cdn.jsdelivr.net/npm/leaflet@1.9.4/dist/leaflet.min.css?livereload=1773709005152' with computed SHA-256 integrity 'QZFpF9DkpabUBLoCc7fQJVCmtag/LaVAfAkUJSfuNyY='. The resource has been blocked. @ http://localhost:8080/wineries/:0
[   90110ms] [ERROR] Failed to find a valid digest in the 'integrity' attribute for resource 'https://cdn.jsdelivr.net/npm/leaflet@1.9.4/dist/leaflet.min.css' with computed SHA-256 integrity 'QZFpF9DkpabUBLoCc7fQJVCmtag/LaVAfAkUJSfuNyY='. The resource has been blocked. @ http://localhost:8080/wineries/:85
[   90753ms] [ERROR] Failed to load resource: net::ERR_CONNECTION_RESET @ https://badge.dimensions.ai/config.json:0
[   90783ms] [ERROR] Failed to load resource: the server responded with a status of 404 (Not Found) @ http://localhost:8080/badge.css:0
[   90897ms] [ERROR] Failed to load resource: net::ERR_CONNECTION_RESET @ https://badge.dimensions.ai/config.json:0
[   90925ms] [ERROR] Failed to load resource: the server responded with a status of 404 (Not Found) @ http://localhost:8080/badge.css:0
[  112628ms] [ERROR] Failed to find a valid digest in the 'integrity' attribute for resource 'https://cdn.jsdelivr.net/npm/leaflet@1.9.4/dist/leaflet.min.css?livereload=1773709028511' with computed SHA-256 integrity 'QZFpF9DkpabUBLoCc7fQJVCmtag/LaVAfAkUJSfuNyY='. The resource has been blocked. @ http://localhost:8080/wineries/:0
[  112628ms] [ERROR] Failed to find a valid digest in the 'integrity' attribute for resource 'https://cdn.jsdelivr.net/npm/leaflet@1.9.4/dist/leaflet.min.css?livereload=1773709028519' with computed SHA-256 integrity 'QZFpF9DkpabUBLoCc7fQJVCmtag/LaVAfAkUJSfuNyY='. The resource has been blocked. @ http://localhost:8080/wineries/:0
[  112637ms] [ERROR] Failed to find a valid digest in the 'integrity' attribute for resource 'https://cdn.jsdelivr.net/npm/leaflet@1.9.4/dist/leaflet.min.css?livereload=1773709028523' with computed SHA-256 integrity 'QZFpF9DkpabUBLoCc7fQJVCmtag/LaVAfAkUJSfuNyY='. The resource has been blocked. @ http://localhost:8080/wineries/:0
[  112716ms] [ERROR] Failed to find a valid digest in the 'integrity' attribute for resource 'https://cdn.jsdelivr.net/npm/leaflet@1.9.4/dist/leaflet.min.css?livereload=1773709028527' with computed SHA-256 integrity 'QZFpF9DkpabUBLoCc7fQJVCmtag/LaVAfAkUJSfuNyY='. The resource has been blocked. @ http://localhost:8080/wineries/:0
[  112732ms] [ERROR] Failed to load resource: the server responded with a status of 404 (Not Found) @ http://localhost:8080/badge.css?livereload=1773709028511:0
[  112759ms] [ERROR] Failed to find a valid digest in the 'integrity' attribute for resource 'https://cdn.jsdelivr.net/npm/leaflet@1.9.4/dist/leaflet.min.css?livereload=1773709028536' with computed SHA-256 integrity 'QZFpF9DkpabUBLoCc7fQJVCmtag/LaVAfAkUJSfuNyY='. The resource has been blocked. @ http://localhost:8080/wineries/:0
[  112760ms] [ERROR] Failed to load resource: the server responded with a status of 404 (Not Found) @ http://localhost:8080/badge.css?livereload=1773709028519:0
[  113138ms] [ERROR] Failed to load resource: the server responded with a status of 404 (Not Found) @ http://localhost:8080/badge.css?livereload=1773709028524:0
[  113150ms] [ERROR] Failed to load resource: the server responded with a status of 404 (Not Found) @ http://localhost:8080/badge.css?livereload=1773709028528:0
[  113172ms] [ERROR] Failed to load resource: the server responded with a status of 404 (Not Found) @ http://localhost:8080/badge.css?livereload=1773709028537:0
[  113423ms] [ERROR] Failed to find a valid digest in the 'integrity' attribute for resource 'https://cdn.jsdelivr.net/npm/leaflet@1.9.4/dist/leaflet.min.css' with computed SHA-256 integrity 'QZFpF9DkpabUBLoCc7fQJVCmtag/LaVAfAkUJSfuNyY='. The resource has been blocked. @ http://localhost:8080/wineries/:0
[  114197ms] [ERROR] Failed to load resource: net::ERR_CONNECTION_RESET @ https://badge.dimensions.ai/config.json:0
[  114220ms] [ERROR] Failed to load resource: the server responded with a status of 404 (Not Found) @ http://localhost:8080/badge.css:0
[  134846ms] [ERROR] Failed to find a valid digest in the 'integrity' attribute for resource 'https://cdn.jsdelivr.net/npm/leaflet@1.9.4/dist/leaflet.min.css?livereload=1773709050412' with computed SHA-256 integrity 'QZFpF9DkpabUBLoCc7fQJVCmtag/LaVAfAkUJSfuNyY='. The resource has been blocked. @ http://localhost:8080/wineries/:0
[  134876ms] [ERROR] Failed to find a valid digest in the 'integrity' attribute for resource 'https://cdn.jsdelivr.net/npm/leaflet@1.9.4/dist/leaflet.min.css?livereload=1773709050430' with computed SHA-256 integrity 'QZFpF9DkpabUBLoCc7fQJVCmtag/LaVAfAkUJSfuNyY='. The resource has been blocked. @ http://localhost:8080/wineries/:0
[  134900ms] [ERROR] Failed to load resource: the server responded with a status of 404 (Not Found) @ http://localhost:8080/badge.css?livereload=1773709050413:0
[  134918ms] [ERROR] Failed to find a valid digest in the 'integrity' attribute for resource 'https://cdn.jsdelivr.net/npm/leaflet@1.9.4/dist/leaflet.min.css?livereload=1773709050441' with computed SHA-256 integrity 'QZFpF9DkpabUBLoCc7fQJVCmtag/LaVAfAkUJSfuNyY='. The resource has been blocked. @ http://localhost:8080/wineries/:0
[  134920ms] [ERROR] Failed to find a valid digest in the 'integrity' attribute for resource 'https://cdn.jsdelivr.net/npm/leaflet@1.9.4/dist/leaflet.min.css?livereload=1773709050448' with computed SHA-256 integrity 'QZFpF9DkpabUBLoCc7fQJVCmtag/LaVAfAkUJSfuNyY='. The resource has been blocked. @ http://localhost:8080/wineries/:0
[  135006ms] [ERROR] Failed to find a valid digest in the 'integrity' attribute for resource 'https://cdn.jsdelivr.net/npm/leaflet@1.9.4/dist/leaflet.min.css?livereload=1773709050466' with computed SHA-256 integrity 'QZFpF9DkpabUBLoCc7fQJVCmtag/LaVAfAkUJSfuNyY='. The resource has been blocked. @ http://localhost:8080/wineries/:0
[  135008ms] [ERROR] Failed to load resource: the server responded with a status of 404 (Not Found) @ http://localhost:8080/badge.css?livereload=1773709050430:0
[  135035ms] [ERROR] Failed to load resource: the server responded with a status of 404 (Not Found) @ http://localhost:8080/badge.css?livereload=1773709050441:0
[  135047ms] [ERROR] Failed to load resource: the server responded with a status of 404 (Not Found) @ http://localhost:8080/badge.css?livereload=1773709050449:0
[  135225ms] [ERROR] Failed to load resource: the server responded with a status of 404 (Not Found) @ http://localhost:8080/badge.css?livereload=1773709050468:0
[  135426ms] [ERROR] Failed to find a valid digest in the 'integrity' attribute for resource 'https://cdn.jsdelivr.net/npm/leaflet@1.9.4/dist/leaflet.min.css' with computed SHA-256 integrity 'QZFpF9DkpabUBLoCc7fQJVCmtag/LaVAfAkUJSfuNyY='. The resource has been blocked. @ http://localhost:8080/wineries/:85
